"E:/Naila/Content/Added/HumanVocalizations/HumanFemaleA/Wavs/voice_female_a_breath_run_loop.uasset" 0
"E:/Naila/Content/Added/HumanVocalizations/HumanFemaleA/Wavs/voice_female_a_breath_tired_01.uasset" 1
"E:/Naila/Content/Added/HumanVocalizations/HumanFemaleA/Wavs/voice_female_a_breath_tired_02.uasset" 2
"E:/Naila/Content/Added/HumanVocalizations/HumanFemaleA/Wavs/voice_female_a_breath_tired_03.uasset" 3
"E:/Naila/Content/Added/HumanVocalizations/HumanFemaleA/Wavs/voice_female_a_breath_tired_04.uasset" 4
"E:/Naila/Content/Added/HumanVocalizations/HumanFemaleA/Wavs/voice_female_a_effort_jump_action_02.uasset" 5
"E:/Naila/Content/Added/HumanVocalizations/HumanFemaleA/Wavs/voice_female_a_effort_jump_action_03.uasset" 6
"E:/Naila/Content/Added/HumanVocalizations/HumanFemaleA/Wavs/voice_female_a_effort_jump_action_08.uasset" 7
"E:/Naila/Content/Added/HumanVocalizations/HumanFemaleA/Wavs/voice_female_a_breath_deep_loop.uasset" 8
"E:/Naila/Content/Added/HumanVocalizations/HumanFemaleA/Wavs/voice_female_a_attack_12.uasset" 9
"../../../Engine/Content/Functions/Engine_MaterialFunctions01/Opacity/CameraDepthFade.uasset" 10
"../../../Engine/Content/EngineMaterials/T_Default_Material_Grid_N.uasset" 11
"../../../Engine/Content/EngineMaterials/T_Default_Material_Grid_M.uasset" 12
"../../../Engine/Content/EngineMaterials/DefaultMaterial.uasset" 13
"../../../Engine/Content/BasicShapes/Cone.uasset" 14
"E:/Naila/Content/StarterContent/Materials/M_Glass.uasset" 15
"../../../Engine/Content/EngineMaterials/WorldGridMaterial.uasset" 16
"../../../Engine/Content/BasicShapes/Cube.uasset" 17
"../../../Engine/Content/VREditor/BasicMeshes/T_CleanFloorGrunge_01_D.uasset" 18
"../../../Engine/Content/VREditor/BasicMeshes/M_Floor_01.uasset" 19
"../../../Engine/Content/VREditor/BasicMeshes/MI_Cube_01.uasset" 20
"E:/Naila/Content/StarterContent/Textures/T_Water_N.uasset" 21
"E:/Naila/Content/StarterContent/Textures/T_Perlin_Noise_M.uasset" 22
"E:/Naila/Content/StarterContent/Materials/M_Water_Lake.uasset" 23
"../../../Engine/Content/EngineDebugMaterials/VertexColorViewMode_BlueOnly.uasset" 24
"../../../Engine/Content/VREditor/LaserPointer/VR_LaserPower_01.uasset" 25
"../../../Engine/Content/VREditor/LaserPointer/LaserPointerMaterial.uasset" 26
"../../../Engine/Content/VREditor/LaserPointer/LaserPointerMaterialInst.uasset" 27
"../../../Engine/Content/VREditor/LaserPointer/TranslucentLaserPointerMaterialInst.uasset" 28
"E:/Naila/Content/StarterContent/Audio/Fire01.uasset" 29
"../../Plugins/Developer/AnimationSharing/Content/AnimSharingBase.uasset" 30
"../../Plugins/Developer/AnimationSharing/Content/AnimSharingBlue.uasset" 31
"E:/Naila/Content/Added/StarterContent/Textures/T_Spark_Core.uasset" 32
"E:/Naila/Content/Added/StarterContent/Particles/Materials/M_Spark.uasset" 33
"../../../Engine/Content/Functions/Engine_MaterialFunctions01/Gradient/RadialGradient.uasset" 34
"E:/Naila/Content/Added/StarterContent/Particles/Materials/M_Radial_Gradient.uasset" 35
"E:/Naila/Content/Added/StarterContent/Textures/T_Smoke_Tiled_D.uasset" 36
"E:/Naila/Content/Added/StarterContent/Textures/T_Smoke_SubUV.uasset" 37
"E:/Naila/Content/Added/StarterContent/Particles/Materials/M_smoke_subUV.uasset" 38
"E:/Naila/Content/Added/StarterContent/Particles/P_Sparks.uasset" 39
"E:/Naila/Content/Added/StarterContent/Textures/T_Water_N.uasset" 40
"E:/Naila/Content/Added/StarterContent/Particles/Materials/M_Heat_Distortion.uasset" 41
"E:/Naila/Content/Added/StarterContent/Textures/T_Fire_Tiled_D.uasset" 42
"E:/Naila/Content/Added/StarterContent/Textures/T_Fire_SubUV.uasset" 43
"E:/Naila/Content/Added/StarterContent/Particles/Materials/M_Fire_SubUV.uasset" 44
"E:/Naila/Content/Added/StarterContent/Particles/P_Fire.uasset" 45
"E:/Naila/Content/Added/StarterContent/Particles/Materials/M_radial_ramp.uasset" 46
"E:/Naila/Content/Added/StarterContent/Particles/Materials/m_flare_01.uasset" 47
"E:/Naila/Content/Added/StarterContent/Textures/T_Explosion_SubUV.uasset" 48
"E:/Naila/Content/Added/StarterContent/Particles/Materials/M_explosion_subUV.uasset" 49
"E:/Naila/Content/Added/StarterContent/Textures/T_Burst_M.uasset" 50
"E:/Naila/Content/Added/StarterContent/Particles/Materials/M_Burst.uasset" 51
"E:/Naila/Content/Added/StarterContent/Particles/P_Explosion.uasset" 52
"E:/Naila/Content/Ann/Base/ObjectStatus.uasset" 53
"../../../Engine/Content/BasicShapes/Sphere.uasset" 54
"../../../Engine/Content/BasicShapes/BasicShapeMaterial.uasset" 55
"E:/Naila/Content/Ann/Base/BaseObject.uasset" 56
"E:/Naila/Content/Ann/Base/StatusAC.uasset" 57
"E:/Naila/Content/Added/Sounds/Music/Villain_Rock__mp3cut_net_.uasset" 58
"E:/Naila/Content/Added/Sounds/Music/SnapInsta_io_-_KDA_-_Villain__Official_Instrumental__Slowed_and_Reverb__320_kbps_.uasset" 59
"E:/Naila/Content/Added/Sounds/Music/Villain_Cue.uasset" 60
"E:/Naila/Content/Ann/UI/Assets/Wind_Base_Active.uasset" 61
"E:/Naila/Content/Ann/UI/Assets/WaterBall.uasset" 62
"E:/Naila/Content/Ann/UI/Assets/Water_Base_Active.uasset" 63
"E:/Naila/Content/Ann/UI/Assets/Low_HP.uasset" 64
"E:/Naila/Content/Ann/UI/Assets/FireBase_Active.uasset" 65
"E:/Naila/Content/Ann/UI/Assets/FireBall.uasset" 66
"E:/Naila/Content/Ann/UI/Assets/Fire_Electricity.uasset" 67
"E:/Naila/Content/Ann/UI/Assets/EarthBAll.uasset" 68
"E:/Naila/Content/Ann/UI/Assets/Earth_Platform.uasset" 69
"E:/Naila/Content/Ann/UI/Assets/Earth_Base_Active.uasset" 70
"E:/Naila/Content/Ann/UI/Assets/Dialodgs/Shelter.uasset" 71
"E:/Naila/Content/Ann/UI/Assets/Dialodgs/Naila.uasset" 72
"E:/Naila/Content/Ann/UI/Assets/Dialodgs/Injured_Naila.uasset" 73
"E:/Naila/Content/Ann/UI/Assets/Dialodgs/Heart.uasset" 74
"E:/Naila/Content/Ann/UI/Assets/Dialodgs/Chu-mi.uasset" 75
"E:/Naila/Content/Ann/UI/Assets/Dialodgs/Bridge.uasset" 76
"E:/Naila/Content/Ann/UI/Assets/Dialodgs/Basic_Enemy.uasset" 77
"E:/Naila/Content/Ann/UI/Assets/Dialodgs/A_Button.uasset" 78
"E:/Naila/Content/Ann/UI/Assets/BackGround.uasset" 79
"E:/Naila/Content/Ann/UI/Assets/AirWave_ALT.uasset" 80
"E:/Naila/Content/Ann/UI/Assets/AirWave.uasset" 81
"E:/Naila/Content/Ann/UI/Assets/Aim.uasset" 82
"E:/Naila/Content/Ann/UI/Assets/Active_Aim.uasset" 83
"E:/Naila/Content/Ann/UI/Assets/3626593-200.uasset" 84
"E:/Naila/Content/Ann/UI/Assets/3247311.uasset" 85
"E:/Naila/Content/Ann/UI/Assets/2768692.uasset" 86
"../../../Engine/Content/VREditor/Sounds/VR_click2.uasset" 87
"E:/Naila/Content/Ann/UI/Assets/Dialodgs/Mage.uasset" 88
"E:/Naila/Content/Ann/UI/Dialoges.uasset" 89
"E:/Naila/Content/Ann/Interactions/CheckPoint.uasset" 90
"E:/Naila/Content/Ann/Naila/NailaGameInstance.uasset" 91
"E:/Naila/Content/Ann/UI/Assets/Wet__1_.uasset" 92
"E:/Naila/Content/Ann/UI/Assets/Shock_icon__1_.uasset" 93
"E:/Naila/Content/Ann/UI/Assets/Freeze_Ability.uasset" 94
"E:/Naila/Content/Ann/UI/Assets/Fire_icon.uasset" 95
"../../../Engine/Content/EditorBlueprintResources/StandardMacros.uasset" 96
"E:/Naila/Content/Ann/UI/MainVidget.uasset" 97
"../../Plugins/Developer/AnimationSharing/Content/AnimSharingRed.uasset" 98
"E:/Naila/Content/Added/Mannequin/Character/Textures/T_UE4Logo_Mask.uasset" 99
"E:/Naila/Content/Added/Mannequin/Character/Textures/T_Male_N.uasset" 100
"E:/Naila/Content/Added/Mannequin/Character/Textures/T_Male_Mask.uasset" 101
"E:/Naila/Content/Added/Mannequin/Character/Textures/T_Female_N.uasset" 102
"E:/Naila/Content/Added/Mannequin/Character/Textures/T_Female_Mask.uasset" 103
"E:/Naila/Content/Added/Mannequin/Character/Materials/MaterialLayers/T_ML_Rubber_Blue_01_N.uasset" 104
"E:/Naila/Content/Added/Mannequin/Character/Materials/MaterialLayers/T_ML_Rubber_Blue_01_D.uasset" 105
"E:/Naila/Content/Added/Mannequin/Character/Materials/MaterialLayers/T_ML_Aluminum01_N.uasset" 106
"E:/Naila/Content/Added/Mannequin/Character/Materials/MaterialLayers/T_ML_Aluminum01.uasset" 107
"../../../Engine/Content/Functions/Engine_MaterialFunctions02/Utility/BlendAngleCorrectedNormals.uasset" 108
"../../../Engine/Content/Functions/MaterialLayerFunctions/MatLayerBlend_NormalBlend.uasset" 109
"../../../Engine/Content/Functions/MaterialLayerFunctions/MatLayerBlend_Simple.uasset" 110
"E:/Naila/Content/Added/Mannequin/Character/Materials/MaterialLayers/ML_SoftMetal_UE4.uasset" 111
"E:/Naila/Content/Added/Mannequin/Character/Materials/MaterialLayers/ML_Plastic_Shiny_Beige_LOGO.uasset" 112
"E:/Naila/Content/Added/Mannequin/Character/Materials/MaterialLayers/ML_Plastic_Shiny_Beige.uasset" 113
"E:/Naila/Content/Added/Mannequin/Character/Materials/MaterialLayers/ML_GlossyBlack_Latex_UE4.uasset" 114
"E:/Naila/Content/Added/Mannequin/Character/Materials/M_Male_Body.uasset" 115
"E:/Naila/Content/Added/Mannequin/Character/Materials/MI_Female_Body.uasset" 116
"E:/Naila/Content/Ann/UI/MainController.uasset" 117
"E:/Naila/Content/Added/Mannequin/Character/Mesh/SK_Mannequin_PhysicsAsset.uasset" 118
"E:/Naila/Content/Added/Mannequin/Character/Textures/T_UE4Logo_N.uasset" 119
"E:/Naila/Content/Added/Mannequin/Character/Materials/M_UE4Man_ChestLogo.uasset" 120
"E:/Naila/Content/Added/Mannequin/Character/Mesh/UE4_Mannequin_Skeleton.uasset" 121
"E:/Naila/Content/Added/Mannequin/Character/Mesh/SK_Mannequin.uasset" 122
"E:/Naila/Content/Ann/Base/BaseCharacter.uasset" 123
"E:/Naila/Content/Ann/Naila/Magic/Lasting_component.uasset" 124
"E:/Naila/Content/Ann/Naila/Magic/ShockWave.uasset" 125
"E:/Naila/Content/Added/StarterContent/Particles/P_Steam_Lit.uasset" 126
"../../../Engine/Content/EngineDebugMaterials/VertexColorViewMode_RedOnly.uasset" 127
"E:/Naila/Content/Added/Sounds/Fireball.uasset" 128
"E:/Naila/Content/Ann/Naila/Magic/Fireball.uasset" 129
"E:/Naila/Content/Ann/Naila/Magic/Steam.uasset" 130
"E:/Naila/Content/Added/StarterContent/Textures/T_Perlin_Noise_M.uasset" 131
"E:/Naila/Content/Added/StarterContent/Materials/M_Water_Lake.uasset" 132
"E:/Naila/Content/Ann/Naila/Magic/FreezeWave.uasset" 133
"E:/Naila/Content/Added/Sounds/water.uasset" 134
"E:/Naila/Content/Ann/Naila/Magic/WaterBall.uasset" 135
"../../../Engine/Content/EngineMaterials/DefaultPhysicalMaterial.uasset" 136
"E:/Naila/Content/Added/StarterContent/Textures/T_RockMesh_N.uasset" 137
"E:/Naila/Content/Added/StarterContent/Textures/T_RockMesh_M.uasset" 138
"E:/Naila/Content/Added/StarterContent/Textures/T_Rock_Basalt_D.uasset" 139
"E:/Naila/Content/Added/StarterContent/Textures/T_Detail_Rocky_N.uasset" 140
"E:/Naila/Content/Added/StarterContent/Props/Materials/M_Rock.uasset" 141
"E:/Naila/Content/Added/StarterContent/Props/SM_Rock.uasset" 142
"../../../Engine/Content/BasicShapes/Cylinder.uasset" 143
"../../Plugins/Developer/AnimationSharing/Content/AnimSharingGreen.uasset" 144
"E:/Naila/Content/StarterContent/Textures/T_Tech_Hex_Tile_N.uasset" 145
"E:/Naila/Content/StarterContent/Textures/T_Tech_Hex_Tile_M.uasset" 146
"E:/Naila/Content/StarterContent/Materials/M_Tech_Hex_Tile.uasset" 147
"E:/Naila/Content/Added/Sounds/Door_Open.uasset" 148
"E:/Naila/Content/Ann/Interactions/Door.uasset" 149
"../../Plugins/Developer/AnimationSharing/Content/Yellow.uasset" 150
"../../Plugins/Developer/AnimationSharing/Content/Freeze.uasset" 151
"E:/Naila/Content/StarterContent/Textures/T_Metal_Gold_D.uasset" 152
"E:/Naila/Content/StarterContent/Textures/T_Metal_Gold_N.uasset" 153
"E:/Naila/Content/StarterContent/Textures/T_MacroVariation.uasset" 154
"E:/Naila/Content/StarterContent/Materials/M_Metal_Gold.uasset" 155
"../../../Engine/Content/Functions/Engine_MaterialFunctions02/ExampleContent/Greyscale.uasset" 156
"../../../Engine/Content/Functions/Engine_MaterialFunctions02/ExampleContent/Gradient.uasset" 157
"../../../Engine/Content/Functions/Engine_MaterialFunctions02/Gradients/GradientMap_Multi.uasset" 158
"../../../Engine/Content/Functions/Engine_MaterialFunctions02/ExampleContent/GradientMap_Multi_Example.uasset" 159
"E:/Naila/Content/Ann/UI/Assets/RB.uasset" 160
"E:/Naila/Content/Ann/UI/Assets/Ellipse_38.uasset" 161
"E:/Naila/Content/Ann/UI/Assets/Ellipse_30.uasset" 162
"E:/Naila/Content/Ann/UI/Assets/E.uasset" 163
"E:/Naila/Content/Ann/Interactions/Interact.uasset" 164
"E:/Naila/Content/Ann/Interactions/Basic_Interact.uasset" 165
"E:/Naila/Content/StarterContent/Materials/M_Basic_Floor.uasset" 166
"../../Plugins/Enterprise/DatasmithContent/Content/Materials/FBXImporter/VRED/VREDRepeatMode.uasset" 167
"../../../Engine/Content/Functions/Engine_MaterialFunctions02/Texturing/CustomRotator.uasset" 168
"../../Plugins/Enterprise/DatasmithContent/Content/Materials/FBXImporter/VRED/UVMapping.uasset" 169
"../../../Engine/Content/Functions/Engine_MaterialFunctions02/WorldPositionOffset/LocalPosition.uasset" 170
"../../../Engine/Content/Functions/Engine_MaterialFunctions02/Utility/MakeFloat2.uasset" 171
"../../../Engine/Content/Functions/Engine_MaterialFunctions02/Utility/VectorLength.uasset" 172
"../../../Engine/Content/Functions/Engine_MaterialFunctions02/WorldPositionOffset/ObjectScale.uasset" 173
"../../Plugins/Enterprise/DatasmithContent/Content/Materials/FBXImporter/VRED/TriplanarMapping.uasset" 174
"../../Plugins/Enterprise/DatasmithContent/Content/Materials/FBXImporter/VRED/PlanarMapping.uasset" 175
"../../Plugins/Enterprise/DatasmithContent/Content/Materials/FBXImporter/VRED/VREDTextureRead.uasset" 176
"../../../Engine/Content/Functions/Engine_MaterialFunctions01/Texturing/FlattenNormal.uasset" 177
"../../../Engine/Content/Functions/Engine_MaterialFunctions02/Utility/MakeFloat3.uasset" 178
"../../Plugins/Enterprise/DatasmithContent/Content/Materials/FBXImporter/VRED/ProcessNormal.uasset" 179
"../../../Engine/Content/Functions/Engine_MaterialFunctions02/ExampleContent/DebugNumberStrip.uasset" 180
"../../../Engine/Content/Functions/Engine_MaterialFunctions02/ExampleContent/Textures/DebugNumberPeriod.uasset" 181
"../../../Engine/Content/EngineMaterials/DefaultDiffuse.uasset" 182
"../../../Engine/Content/Functions/Engine_MaterialFunctions01/Texturing/TextureCropping.uasset" 183
"../../../Engine/Content/Functions/Engine_MaterialFunctions01/Texturing/ComputeMipLevel.uasset" 184
"../../../Engine/Content/Functions/Engine_MaterialFunctions02/Utility/DebugScalarValues.uasset" 185
"../../../Engine/Content/Functions/Engine_MaterialFunctions02/Utility/BreakOutFloat3Components.uasset" 186
"../../../Engine/Content/Functions/Engine_MaterialFunctions02/Utility/DebugFloat3Values.uasset" 187
"../../../Engine/Content/Functions/Engine_MaterialFunctions02/Math/RGBtoHSV.uasset" 188
"../../../Engine/Content/Functions/Engine_MaterialFunctions01/Texturing/BakedDisplacement.uasset" 189
"../../../Engine/Content/Functions/Engine_MaterialFunctions02/Fresnel_Function.uasset" 190
"../../../Engine/Content/EngineResources/DefaultTexture.uasset" 191
"../../Plugins/Enterprise/DatasmithContent/Content/Materials/FBXImporter/VRED/Glass.uasset" 192
"E:/Naila/Content/Added/StarterContent/Materials/M_Basic_Floor.uasset" 193
"E:/Naila/Content/Ann/Added_meshes/SM_Capsule.uasset" 194
"E:/Naila/Content/Added/StarterContent/Materials/M_Glass.uasset" 195
"E:/Naila/Content/Ann/Interactions/Abilities.uasset" 196
"E:/Naila/Content/Ann/Enemies/MyTP.uasset" 197
"E:/Naila/Content/Ann/Enemies/Ai_Health+State.uasset" 198
"../../../Engine/Content/Animation/DefaultAnimBoneCompressionSettings.uasset" 199
"../../../Engine/Content/Animation/DefaultAnimCurveCompressionSettings.uasset" 200
"E:/Naila/Content/Added/Mannequin/Animations/ThirdPersonWalk.uasset" 201
"E:/Naila/Content/Added/Sounds/Step8.uasset" 202
"E:/Naila/Content/Added/Sounds/Step7.uasset" 203
"E:/Naila/Content/Added/Sounds/Step6.uasset" 204
"E:/Naila/Content/Added/Sounds/Step5.uasset" 205
"E:/Naila/Content/Added/Sounds/Step4.uasset" 206
"E:/Naila/Content/Added/Sounds/Step3.uasset" 207
"E:/Naila/Content/Added/Sounds/Step2.uasset" 208
"E:/Naila/Content/Added/Sounds/Step1.uasset" 209
"E:/Naila/Content/Added/Sounds/Footsteps_Cue.uasset" 210
"E:/Naila/Content/Added/Mannequin/Animations/ThirdPersonRun.uasset" 211
"E:/Naila/Content/Added/Mannequin/Animations/ThirdPersonIdle.uasset" 212
"E:/Naila/Content/Added/Mannequin/Animations/ThirdPerson_IdleRun_2D.uasset" 213
"E:/Naila/Content/Added/Mannequin/Animations/ThirdPerson_Jump.uasset" 214
"E:/Naila/Content/Added/Mannequin/Animations/ThirdPersonJump_Start.uasset" 215
"E:/Naila/Content/Added/Mannequin/Animations/ThirdPersonJump_Loop.uasset" 216
"E:/Naila/Content/Added/Mannequin/Animations/ThirdPerson_AnimBP.uasset" 217
"E:/Naila/Content/Added/HumanVocalizations/HumanMaleB/Wavs/voice_male_b_hurt_pain_set_2_14.uasset" 218
"E:/Naila/Content/Added/HumanVocalizations/HumanMaleB/Wavs/voice_male_b_hurt_pain_set_2_13.uasset" 219
"E:/Naila/Content/Added/HumanVocalizations/HumanMaleB/Wavs/voice_male_b_hurt_pain_set_2_10.uasset" 220
"E:/Naila/Content/Added/HumanVocalizations/HumanMaleB/Wavs/voice_male_b_hurt_pain_set_2_06.uasset" 221
"E:/Naila/Content/Added/HumanVocalizations/HumanMaleB/Wavs/voice_male_b_hurt_pain_set_2_02.uasset" 222
"E:/Naila/Content/Added/HumanVocalizations/HumanMaleC/Wavs/voice_male_c_death_16.uasset" 223
"E:/Naila/Content/Added/HumanVocalizations/HumanMaleC/Wavs/voice_male_c_death_15.uasset" 224
"E:/Naila/Content/Added/HumanVocalizations/HumanMaleC/Wavs/voice_male_c_death_13.uasset" 225
"E:/Naila/Content/Added/HumanVocalizations/HumanMaleC/Wavs/voice_male_c_death_11.uasset" 226
"E:/Naila/Content/Added/HumanVocalizations/HumanMaleC/Wavs/voice_male_c_death_02.uasset" 227
"E:/Naila/Content/Ann/Enemies/BasicEnemy.uasset" 228
"E:/Naila/Content/Added/StarterContent/Materials/M_Basic_Wall.uasset" 229
"E:/Naila/Content/Added/StarterContent/Shapes/Shape_Sphere.uasset" 230
"E:/Naila/Content/Added/Sounds/ElectrickShock.uasset" 231
"E:/Naila/Content/Ann/Enemies/SpawningBase.uasset" 232
"E:/Naila/Content/Added/Sounds/Stone_hit.uasset" 233
"E:/Naila/Content/Added/Sounds/Earth.uasset" 234
"E:/Naila/Content/Ann/Naila/Magic/EarthBall.uasset" 235
"E:/Naila/Content/Ann/Enemies/BasicController.uasset" 236
"E:/Naila/Content/Ann/Enemies/ShieldController.uasset" 237
"E:/Naila/Content/Added/HumanVocalizations/HumanMaleD/Wavs/voice_male_d_hurt_pain_10.uasset" 238
"E:/Naila/Content/Added/HumanVocalizations/HumanMaleD/Wavs/voice_male_d_hurt_pain_09.uasset" 239
"E:/Naila/Content/Added/HumanVocalizations/HumanMaleD/Wavs/voice_male_d_hurt_pain_07.uasset" 240
"E:/Naila/Content/Added/HumanVocalizations/HumanMaleC/Wavs/voice_male_c_hurt_pain_08.uasset" 241
"E:/Naila/Content/Added/HumanVocalizations/HumanMaleC/Wavs/voice_male_c_hurt_pain_04.uasset" 242
"E:/Naila/Content/Added/HumanVocalizations/HumanMaleC/Wavs/voice_male_c_hurt_pain_01.uasset" 243
"E:/Naila/Content/Added/HumanVocalizations/HumanMaleC/Wavs/voice_male_c_attack_08.uasset" 244
"E:/Naila/Content/Added/HumanVocalizations/HumanMaleC/Wavs/voice_male_c_attack_06.uasset" 245
"E:/Naila/Content/Added/HumanVocalizations/HumanMaleC/Wavs/voice_male_c_attack_05.uasset" 246
"E:/Naila/Content/Added/HumanVocalizations/HumanMaleC/Wavs/voice_male_c_attack_04.uasset" 247
"E:/Naila/Content/Added/HumanVocalizations/HumanMaleC/Wavs/voice_male_c_attack_03.uasset" 248
"E:/Naila/Content/Added/HumanVocalizations/HumanMaleC/Wavs/voice_male_c_attack_02.uasset" 249
"E:/Naila/Content/Added/HumanVocalizations/HumanMaleC/Wavs/voice_male_c_attack_01.uasset" 250
"E:/Naila/Content/Ann/Enemies/Shield_Enemy.uasset" 251
"E:/Naila/Content/Added/Sounds/Wind.uasset" 252
"E:/Naila/Content/Ann/Naila/Magic/WindWave.uasset" 253
"../../../Engine/Content/EditorMeshes/EditorSphere.uasset" 254
"E:/Naila/Content/Added/Sounds/574077__valentinpetiteau__potion-drink-swallow.uasset" 255
"E:/Naila/Content/Ann/Interactions/Heal.uasset" 256
"E:/Naila/Content/Ann/Naila/Magic/EarthPlatform.uasset" 257
"E:/Naila/Content/Added/Mannequin/Character/Mesh/SK_Mannequin_Female_PhysicsAsset.uasset" 258
"E:/Naila/Content/Added/Mannequin/Character/Mesh/SK_Mannequin_Female.uasset" 259
"E:/Naila/Content/Added/HumanVocalizations/HumanFemaleB/Wavs/voice_female_b_hurt_pain_17.uasset" 260
"E:/Naila/Content/Added/HumanVocalizations/HumanFemaleB/Wavs/voice_female_b_hurt_pain_16.uasset" 261
"E:/Naila/Content/Added/HumanVocalizations/HumanFemaleB/Wavs/voice_female_b_hurt_pain_13.uasset" 262
"E:/Naila/Content/Added/HumanVocalizations/HumanFemaleB/Wavs/voice_female_b_hurt_pain_11.uasset" 263
"E:/Naila/Content/Added/HumanVocalizations/HumanFemaleB/Wavs/voice_female_b_hurt_pain_01.uasset" 264
"E:/Naila/Content/Added/HumanVocalizations/HumanFemaleB/Wavs/voice_female_b_effort_jump_action_11.uasset" 265
"E:/Naila/Content/Added/HumanVocalizations/HumanFemaleB/Wavs/voice_female_b_effort_jump_action_10.uasset" 266
"E:/Naila/Content/Added/HumanVocalizations/HumanFemaleB/Wavs/voice_female_b_effort_jump_action_07.uasset" 267
"E:/Naila/Content/Added/HumanVocalizations/HumanFemaleB/Wavs/voice_female_b_effort_jump_action_05.uasset" 268
"E:/Naila/Content/Added/HumanVocalizations/HumanFemaleB/Wavs/voice_female_b_effort_jump_action_04.uasset" 269
"E:/Naila/Content/Added/HumanVocalizations/HumanFemaleB/Wavs/voice_female_b_effort_jump_action_02.uasset" 270
"E:/Naila/Content/Added/HumanVocalizations/HumanFemaleB/Wavs/voice_female_b_effort_jump_action_01.uasset" 271
"E:/Naila/Content/Added/HumanVocalizations/HumanFemaleB/Wavs/voice_female_b_death_torture_02.uasset" 272
"E:/Naila/Content/Added/HumanVocalizations/HumanFemaleB/Wavs/voice_female_b_death_torture_01.uasset" 273
"E:/Naila/Content/Added/HumanVocalizations/HumanFemaleB/Wavs/voice_female_b_attack_set4_06.uasset" 274
"E:/Naila/Content/Added/HumanVocalizations/HumanFemaleB/Wavs/voice_female_b_attack_set1_02.uasset" 275
"E:/Naila/Content/Added/HumanVocalizations/HumanFemaleA/Wavs/voice_female_a_hurt_pain_18.uasset" 276
"E:/Naila/Content/Added/HumanVocalizations/HumanFemaleA/Wavs/voice_female_a_hurt_pain_12.uasset" 277
"E:/Naila/Content/Added/HumanVocalizations/HumanFemaleA/Wavs/voice_female_a_hurt_pain_02.uasset" 278
"E:/Naila/Content/Ann/Naila/Naila.uasset" 279
"E:/Naila/Content/Ann/Base/MainGM.uasset" 280
"../../../Engine/Content/ArtTools/RenderToTexture/Meshes/S_1_Unit_Plane.uasset" 281
"../../../Engine/Content/BasicShapes/Plane.uasset" 282
"../../../Engine/Content/EditorLandscapeResources/DataLayer.uasset" 283
"../../../Engine/Content/EditorLandscapeResources/DefaultAlphaTexture.uasset" 284
"../../../Engine/Content/EditorMaterials/MAT_Groups_Toggle.uasset" 285
"../../../Engine/Content/EditorMaterials/MAT_Groups_Visibility.uasset" 286
"../../../Engine/Content/EditorMaterials/PreviewShadowIndicator.uasset" 287
"../../../Engine/Content/EditorMaterials/PreviewShadowIndicatorMaterial.uasset" 288
"../../../Engine/Content/EditorMaterials/MatineeGroups/MAT_ColorTrack.uasset" 289
"../../../Engine/Content/EditorMaterials/MatineeGroups/MAT_Groups_Anim.uasset" 290
"../../../Engine/Content/EditorMaterials/MatineeGroups/MAT_Groups_AudioMaster.uasset" 291
"../../../Engine/Content/EditorMaterials/MatineeGroups/MAT_Groups_Director.uasset" 292
"../../../Engine/Content/EditorMaterials/MatineeGroups/MAT_Groups_Event.uasset" 293
"../../../Engine/Content/EditorMaterials/MatineeGroups/MAT_Groups_Fade.uasset" 294
"../../../Engine/Content/EditorMaterials/MatineeGroups/MAT_Groups_Float.uasset" 295
"../../../Engine/Content/EditorMaterials/MatineeGroups/MAT_Groups_Move.uasset" 296
"../../../Engine/Content/EditorMaterials/MatineeGroups/MAT_Groups_Slomo.uasset" 297
"../../../Engine/Content/EditorMaterials/MatineeGroups/MAT_Groups_Sound.uasset" 298
"../../../Engine/Content/EditorMaterials/MatineeGroups/MAT_Groups_Vector.uasset" 299
"../../../Engine/Content/EditorMaterials/ParticleSystems/PSysThumbnail_NoImage.uasset" 300
"../../../Engine/Content/EditorMaterials/ParticleSystems/PSysThumbnail_OOD.uasset" 301
"../../../Engine/Content/EditorMaterials/Camera/CineMat.uasset" 302
"../../../Engine/Content/EditorMaterials/Camera/MI_CineMat_Rig.uasset" 303
"../../../Engine/Content/EditorMeshes/Camera/SM_CraneRig_Arm.uasset" 304
"../../../Engine/Content/EditorMeshes/Camera/SM_CraneRig_Base.uasset" 305
"../../../Engine/Content/EditorMeshes/Camera/SM_CraneRig_Body.uasset" 306
"../../../Engine/Content/EditorMeshes/Camera/SM_CraneRig_Mount.uasset" 307
"../../../Engine/Content/EditorMeshes/Camera/SM_RailRig_Mount.uasset" 308
"../../../Engine/Content/EditorMeshes/Camera/SM_RailRig_Track.uasset" 309
"../../../Engine/Content/EditorResources/BSPVertex.uasset" 310
"../../../Engine/Content/EditorResources/EmptyActor.uasset" 311
"../../../Engine/Content/EditorResources/S_Actor.uasset" 312
"../../../Engine/Content/EditorResources/S_Note.uasset" 313
"../../../Engine/Content/EditorResources/S_Solver.uasset" 314
"../../../Engine/Content/EditorResources/S_Terrain.uasset" 315
"../../../Engine/Content/EditorResources/S_Trigger.uasset" 316
"../../../Engine/Content/EditorResources/LightIcons/S_LightError.uasset" 317
"../../../Engine/Content/EditorResources/SequenceRecorder/Countdown.uasset" 318
"../../../Engine/Content/EditorResources/SequenceRecorder/RecordingIndicator.uasset" 319
"../../../Engine/Content/EngineDamageTypes/DmgTypeBP_Environmental.uasset" 320
"../../../Engine/Content/EngineDebugMaterials/DebugEditorMaterial.uasset" 321
"../../../Engine/Content/EngineDebugMaterials/DebugMeshMaterial.uasset" 322
"../../../Engine/Content/EngineDebugMaterials/M_SimpleUnlitTranslucent.uasset" 323
"../../../Engine/Content/EngineDebugMaterials/VolumeToRender.uasset" 324
"../../../Engine/Content/Functions/Engine_MaterialFunctions02/Utility/CameraDirectionVector.uasset" 325
"../../../Engine/Content/EngineDebugMaterials/M_VolumeRenderSphereTracePP.uasset" 326
"../../../Engine/Content/Functions/Engine_MaterialFunctions01/Shading/ConvertFromDiffSpec.uasset" 327
"../../../Engine/Content/EngineDebugMaterials/VertexColorMaterial.uasset" 328
"../../../Engine/Content/EngineDebugMaterials/WireframeMaterial.uasset" 329
"../../../Engine/Content/EngineFonts/Faces/RobotoRegular.uasset" 330
"../../../Engine/Content/EngineFonts/Faces/RobotoLight.uasset" 331
"../../../Engine/Content/EngineFonts/Faces/RobotoItalic.uasset" 332
"../../../Engine/Content/EngineFonts/Faces/RobotoBoldItalic.uasset" 333
"../../../Engine/Content/EngineFonts/Faces/RobotoBold.uasset" 334
"../../../Engine/Content/EngineFonts/Faces/DroidSansFallback.uasset" 335
"../../../Engine/Content/EngineFonts/Roboto.uasset" 336
"../../../Engine/Content/EngineMaterials/BaseFlattenDiffuseMap.uasset" 337
"../../../Engine/Content/EngineMaterials/BaseFlattenEmissiveMap.uasset" 338
"../../../Engine/Content/EngineMaterials/BaseFlattenGrayscaleMap.uasset" 339
"../../../Engine/Content/EngineMaterials/BaseFlattenNormalMap.uasset" 340
"../../../Engine/Content/EngineMaterials/BaseFlattenMaterial.uasset" 341
"../../../Engine/Content/EngineMaterials/BlueNoise.uasset" 342
"../../../Engine/Content/EngineMaterials/DefaultBloomKernel.uasset" 343
"../../../Engine/Content/EngineMaterials/DefaultBokeh.uasset" 344
"../../../Engine/Content/EngineMaterials/DefaultDeferredDecalMaterial.uasset" 345
"../../../Engine/Content/EngineMaterials/DefaultLightFunctionMaterial.uasset" 346
"../../../Engine/Content/Functions/Engine_MaterialFunctions02/Utility/BreakOutFloat2Components.uasset" 347
"../../../Engine/Content/EngineMaterials/DefaultPostProcessMaterial.uasset" 348
"../../../Engine/Content/EngineFonts/RobotoDistanceField.uasset" 349
"../../../Engine/Content/EngineMaterials/DefaultTextMaterialOpaque.uasset" 350
"../../../Engine/Content/EngineMaterials/DefaultWhiteGrid.uasset" 351
"../../../Engine/Content/EngineMaterials/DefaultWhiteGrid_Low.uasset" 352
"../../../Engine/Content/EngineMaterials/EmissiveMeshMaterial.uasset" 353
"../../../Engine/Content/EngineMaterials/GizmoMaterial.uasset" 354
"../../../Engine/Content/EngineMaterials/Good64x64TilingNoiseHighFreq.uasset" 355
"../../../Engine/Content/EngineMaterials/MiniFont.uasset" 356
"../../../Engine/Content/EngineMaterials/InvalidLightmapSettings.uasset" 357
"../../../Engine/Content/EngineMaterials/M_InvalidLightmapSettings.uasset" 358
"../../../Engine/Content/Functions/Engine_MaterialFunctions02/WorldPositionOffset/CameraOffset.uasset" 359
"../../../Engine/Content/EngineMaterials/PhAT_JointLimitMaterial.uasset" 360
"../../../Engine/Content/EngineMaterials/PreintegratedSkinBRDF.uasset" 361
"../../../Engine/Content/EngineMaterials/RemoveSurfaceMaterial.uasset" 362
"../../../Engine/Content/EngineMaterials/WeightMapPlaceholderTexture.uasset" 363
"../../../Engine/Content/EngineResources/WhiteSquareTexture.uasset" 364
"../../../Engine/Content/EngineMaterials/Widget3DPassThrough.uasset" 365
"../../../Engine/Content/EngineMaterials/Widget3DPassThrough_Masked.uasset" 366
"../../../Engine/Content/EngineMaterials/Widget3DPassThrough_Opaque.uasset" 367
"../../../Engine/Content/EngineMaterials/Widget3DPassThrough_Masked_OneSided.uasset" 368
"../../../Engine/Content/EngineMaterials/Widget3DPassThrough_Opaque_OneSided.uasset" 369
"../../../Engine/Content/EngineMaterials/Widget3DPassThrough_Translucent.uasset" 370
"../../../Engine/Content/EngineMaterials/Widget3DPassThrough_Translucent_OneSided.uasset" 371
"../../../Engine/Content/EngineMeshes/Cylinder.uasset" 372
"../../../Engine/Content/EngineMeshes/Sphere.uasset" 373
"../../../Engine/Content/EngineResources/Black.uasset" 374
"../../../Engine/Content/EngineResources/DefaultTextureCube.uasset" 375
"../../../Engine/Content/EngineResources/DefaultVolumeTexture2D.uasset" 376
"../../../Engine/Content/EngineResources/DefaultVolumeTexture.uasset" 377
"../../../Engine/Content/EngineResources/GradientTexture0.uasset" 378
"../../../Engine/Content/EngineSky/VolumetricClouds/T_NoiseShape64.uasset" 379
"../../../Engine/Content/EngineSky/VolumetricClouds/T_VolumeNoiseShape64.uasset" 380
"../../../Engine/Content/EngineSky/VolumetricClouds/T_NoiseErosion.uasset" 381
"../../../Engine/Content/EngineSky/VolumetricClouds/T_VolumeNoiseErosion32.uasset" 382
"../../../Engine/Content/EngineSky/VolumetricClouds/CloudWeatherTexture.uasset" 383
"../../../Engine/Content/EngineSky/VolumetricClouds/CloudGradientTexture.uasset" 384
"../../../Engine/Content/EngineSky/VolumetricClouds/m_SimpleVolumetricCloud.uasset" 385
"../../../Engine/Content/EngineSky/VolumetricClouds/m_SimpleVolumetricCloud_Inst.uasset" 386
"../../../Engine/Content/EngineSounds/Master.uasset" 387
"../../../Engine/Content/Functions/Engine_MaterialFunctions01/Shading/PowerToRoughness.uasset" 388
"../../../Engine/Content/Maps/Templates/Thumbnails/Default.uasset" 389
"../../../Engine/Content/Maps/Templates/Thumbnails/TimeOfDay.uasset" 390
"../../../Engine/Content/Maps/Templates/Thumbnails/VR-Basic.uasset" 391
"../../../Engine/Content/MobileResources/T_MobileControls_texture.uasset" 392
"../../../Engine/Content/MobileResources/T_MobileMenu2.uasset" 393
"../../../Engine/Content/MobileResources/HUD/AnalogHat.uasset" 394
"../../../Engine/Content/MobileResources/HUD/VirtualJoystick_Thumb.uasset" 395
"../../../Engine/Content/MobileResources/HUD/VirtualJoystick_Background.uasset" 396
"../../../Engine/Content/MobileResources/HUD/DefaultVirtualJoysticks.uasset" 397
"../../../Engine/Content/MobileResources/HUD/LeftVirtualJoystickOnly.uasset" 398
"../../../Engine/Content/MobileResources/HUD/MobileHUDButton1_off.uasset" 399
"../../../Engine/Content/MobileResources/HUD/MobileHUDButton1_on.uasset" 400
"../../../Engine/Content/MobileResources/HUD/MobileHUDButton2_off.uasset" 401
"../../../Engine/Content/MobileResources/HUD/MobileHUDButton2_on.uasset" 402
"../../../Engine/Content/MobileResources/HUD/MobileHUDButton3.uasset" 403
"../../../Engine/Content/MobileResources/HUD/MobileHUDButtonFire.uasset" 404
"../../../Engine/Content/MobileResources/HUD/MobileHUDDirectionPad.uasset" 405
"../../../Engine/Content/MobileResources/HUD/MobileHUDDirectionPad2.uasset" 406
"../../../Engine/Content/MobileResources/HUD/MobileHUDDirectionPad3.uasset" 407
"../../../Engine/Content/MobileResources/HUD/MobileHUDDirectionStick.uasset" 408
"../../../Engine/Content/MobileResources/HUD/T_Castle_ThumbstickInner.uasset" 409
"../../../Engine/Content/MobileResources/HUD/T_Castle_ThumbstickOutter.uasset" 410
"../../../Engine/Content/Tutorial/ContentIntroCurve.uasset" 411
"../../../Engine/Content/Tutorial/Basics/LevelEditorAttract.uasset" 412
"../../../Engine/Content/Tutorial/Basics/TutorialAssets/icon_tab_Levels_40x.uasset" 413
"../../../Engine/Content/Tutorial/Basics/LevelEditorOverview.uasset" 414
"../../../Engine/Content/Tutorial/Installation/InstallingVisualStudioTutorial.uasset" 415
"../../../Engine/Content/Tutorial/Landscape/TutorialAssets/Landscape.uasset" 416
"../../../Engine/Content/Tutorial/Landscape/LandscapeWalkThrough.uasset" 417
"../../../Engine/Content/Tutorial/Landscape/Landscape_Manage_Mode.uasset" 418
"../../../Engine/Content/Tutorial/Landscape/Landscape_Painting_Mode.uasset" 419
"../../../Engine/Content/Tutorial/Landscape/Landscape_Sculpt_Mode.uasset" 420
"../../../Engine/Content/VREditor/TransformGizmo/TranslucentTransformGizmoMaterial.uasset" 421
"../../../Engine/Content/VREditor/TransformGizmo/TransformGizmoMaterial.uasset" 422
"../../../Engine/Content/VREditor/TransformGizmo/BoundingBoxCorner.uasset" 423
"../../../Engine/Content/VREditor/TransformGizmo/BoundingBoxEdge.uasset" 424
"../../../Engine/Content/VREditor/TransformGizmo/PlaneTranslationHandle.uasset" 425
"../../../Engine/Content/VREditor/TransformGizmo/Xray.uasset" 426
"../../../Engine/Content/VREditor/TransformGizmo/Main.uasset" 427
"../../../Engine/Content/VREditor/TransformGizmo/SM_Sequencer_Key.uasset" 428
"../../../Engine/Content/VREditor/TransformGizmo/SM_Sequencer_Node.uasset" 429
"../../Plugins/2D/Paper2D/Content/PlaceholderTextures/DummySpriteTexture.uasset" 430
"../../Plugins/2D/Paper2D/Content/DummySprite.uasset" 431
"../../Plugins/2D/Paper2D/Content/DefaultPaperTerrainMaterial.uasset" 432
"../../Plugins/2D/Paper2D/Content/DefaultSpriteMaterial.uasset" 433
"../../Plugins/2D/Paper2D/Content/MaskedUnlitSpriteMaterial.uasset" 434
"../../Plugins/2D/Paper2D/Content/OpaqueUnlitSpriteMaterial.uasset" 435
"../../Plugins/Editor/SpeedTreeImporter/Content/SpeedTree9/UnpackInteger3.uasset" 436
"../../Plugins/Editor/SpeedTreeImporter/Content/SpeedTree9/UnpackDirection.uasset" 437
"../../Plugins/Editor/SpeedTreeImporter/Content/SpeedTree9/game_wind_noise.uasset" 438
"../../../Engine/Content/Functions/Engine_MaterialFunctions02/SafeNormalize.uasset" 439
"../../Plugins/Editor/SpeedTreeImporter/Content/SpeedTree9/SpeedTreeWindMotion.uasset" 440
"../../Plugins/Editor/SpeedTreeImporter/Content/SpeedTree9/SpeedTreeBranchMotion.uasset" 441
"../../../Engine/Content/Functions/Engine_MaterialFunctions02/ObjectLocalBounds.uasset" 442
"../../../Engine/Content/Functions/Engine_MaterialFunctions02/UVs/BoundingBoxBased_0-1_UVW.uasset" 443
"../../Plugins/Editor/SpeedTreeImporter/Content/SpeedTree9/SpeedTreeWind.uasset" 444
"../../Plugins/Editor/SpeedTreeImporter/Content/SpeedTree9/SpeedTreeBillboard.uasset" 445
"../../Plugins/Editor/SpeedTreeImporter/Content/SpeedTree9/SpeedTreeBillboardMaster.uasset" 446
"../../Plugins/Editor/SpeedTreeImporter/Content/SpeedTree9/SpeedTreeCameraFacing.uasset" 447
"../../Plugins/Editor/SpeedTreeImporter/Content/SpeedTree9/SpeedTreeMaster.uasset" 448
"../../../Engine/Content/ArtTools/RenderToTexture/Materials/Debug/M_Emissive_Color.uasset" 449
"../../Plugins/Lumin/MagicLeapPassableWorld/Content/MagicLeapARPinInfoActor.uasset" 450
"../../../Engine/Content/Functions/Engine_MaterialFunctions02/Utility/BreakOutFloat4Components.uasset" 451
"../../Plugins/Runtime/Oculus/OculusVR/Content/Materials/OculusMR_ChromaKey.uasset" 452
"../../Plugins/Runtime/Oculus/OculusVR/Content/Materials/OculusMR_OpaqueColoredMaterial.uasset" 453
"../../Plugins/Runtime/Oculus/OculusVR/Content/Materials/PokeAHoleMaterial.uasset" 454
"E:/Naila/Content/Added/AnimStarterPack/UE4_Mannequin/Mesh/UE4_Mannequin_Skeleton.uasset" 455
"E:/Naila/Content/Added/AnimStarterPack/Death_2.uasset" 456
"../../../Engine/Content/Functions/MaterialLayerFunctions/MatLayerBlend_AO.uasset" 457
"E:/Naila/Content/Added/AnimStarterPack/UE4_Mannequin/Materials/MaterialLayers/T_ML_Rubber_Blue_01_D.uasset" 458
"E:/Naila/Content/Added/AnimStarterPack/UE4_Mannequin/Materials/MaterialLayers/T_ML_Rubber_Blue_01_N.uasset" 459
"E:/Naila/Content/Added/AnimStarterPack/UE4_Mannequin/Materials/MaterialLayers/ML_GlossyBlack_Latex_UE4.uasset" 460
"E:/Naila/Content/Added/AnimStarterPack/UE4_Mannequin/Materials/MaterialLayers/ML_Plastic_Shiny_Beige.uasset" 461
"E:/Naila/Content/Added/AnimStarterPack/UE4_Mannequin/Textures/UE4_LOGO_CARD.uasset" 462
"E:/Naila/Content/Added/AnimStarterPack/UE4_Mannequin/Materials/MaterialLayers/ML_Plastic_Shiny_Beige_LOGO.uasset" 463
"E:/Naila/Content/Added/AnimStarterPack/UE4_Mannequin/Materials/MaterialLayers/T_ML_Aluminum01.uasset" 464
"E:/Naila/Content/Added/AnimStarterPack/UE4_Mannequin/Materials/MaterialLayers/T_ML_Aluminum01_N.uasset" 465
"E:/Naila/Content/Added/AnimStarterPack/UE4_Mannequin/Materials/MaterialLayers/ML_SoftMetal_UE4.uasset" 466
"E:/Naila/Content/Added/AnimStarterPack/UE4_Mannequin/Textures/UE4_Mannequin__normals.uasset" 467
"E:/Naila/Content/Added/AnimStarterPack/UE4_Mannequin/Textures/UE4_Mannequin_MAT_MASKA.uasset" 468
"E:/Naila/Content/Added/AnimStarterPack/UE4_Mannequin/Textures/UE4_Mannequin_occlusion_Mobile.uasset" 469
"E:/Naila/Content/Added/AnimStarterPack/UE4_Mannequin/Materials/M_UE4Man_Body.uasset" 470
"E:/Naila/Content/Added/AnimStarterPack/UE4_Mannequin/Textures/UE4Man_Logo_N.uasset" 471
"E:/Naila/Content/Added/AnimStarterPack/UE4_Mannequin/Materials/M_UE4Man_ChestLogo.uasset" 472
"E:/Naila/Content/Added/AnimStarterPack/UE4_Mannequin/Mesh/SK_Mannequin_PhysicsAsset.uasset" 473
"E:/Naila/Content/Added/AnimStarterPack/UE4_Mannequin/Mesh/SK_Mannequin.uasset" 474
"E:/Naila/Content/Ann/Tutorials/Keyboard.uasset" 475
"E:/Naila/Content/Ann/Tutorials/Gamepad.uasset" 476
"../../../Engine/Content/EngineSky/T_Sky_Stars.uasset" 477
"../../../Engine/Content/EngineSky/T_Sky_Clouds_M.uasset" 478
"../../../Engine/Content/EngineSky/T_Sky_Blue.uasset" 479
"E:/Naila/Content/StarterContent/Materials/M_Basic_Wall.uasset" 480
"../../../Engine/Content/EngineSky/M_Sky_Panning_Clouds2.uasset" 481
"E:/Naila/Content/Ann/Tutorials/Tutorial.uasset" 482
"E:/Naila/Content/Ann/Tutorials/TutorialTrigger.uasset" 483
"E:/Naila/Content/Ann/Tutorials/TutorialDoor.uasset" 484
"E:/Naila/Content/Ann/Levels/Part_3_BuiltData.uasset" 485
"../../../Engine/Content/EngineSky/SM_SkySphere.uasset" 486
"../../../Engine/Content/EngineSky/C_Sky_Zenith_Color.uasset" 487
"../../../Engine/Content/EngineSky/C_Sky_Horizon_Color.uasset" 488
"../../../Engine/Content/EngineSky/C_Sky_Cloud_Color.uasset" 489
"../../../Engine/Content/EngineSky/BP_Sky_Sphere.uasset" 490
"E:/Naila/Content/Ann/Interactions/DialogueTrigger.uasset" 491
"E:/Naila/Content/Ann/Enemies/ShockWall.uasset" 492
"E:/Naila/Content/Added/HumanVocalizations/HumanMaleB/Wavs/voice_male_b_attack_set3_08.uasset" 493
"E:/Naila/Content/Added/HumanVocalizations/HumanMaleB/Wavs/voice_male_b_attack_set3_07.uasset" 494
"E:/Naila/Content/Added/HumanVocalizations/HumanMaleB/Wavs/voice_male_b_attack_set3_06.uasset" 495
"E:/Naila/Content/Added/HumanVocalizations/HumanMaleB/Wavs/voice_male_b_attack_set2_03.uasset" 496
"E:/Naila/Content/Added/HumanVocalizations/HumanMaleB/Wavs/voice_male_b_attack_set2_02.uasset" 497
"E:/Naila/Content/Added/HumanVocalizations/HumanMaleB/Wavs/voice_male_b_attack_set1_07.uasset" 498
"E:/Naila/Content/Added/HumanVocalizations/HumanMaleB/Wavs/voice_male_b_attack_set1_04.uasset" 499
"E:/Naila/Content/Ann/Enemies/Fighter.uasset" 500
"E:/Naila/Content/Added/StarterContent/Textures/T_Tech_Hex_Tile_N.uasset" 501
"E:/Naila/Content/Added/StarterContent/Textures/T_Tech_Hex_Tile_M.uasset" 502
"E:/Naila/Content/Added/StarterContent/Materials/M_Tech_Hex_Tile.uasset" 503
"E:/Naila/Content/Ann/Enemies/Drone.uasset" 504
"E:/Naila/Content/Ann/Added_meshes/palette.uasset" 505
"E:/Naila/Content/Ann/Enemies/Damaging_Area.uasset" 506
"E:/Naila/Content/Ann/Enemies/Arena.uasset" 507
"E:/Naila/Content/Ann/Levels/Part_3.umap" 508
"E:/Naila/Content/Added/Geometry/Meshes/CubeMaterial.uasset" 509
"E:/Naila/Content/Added/Geometry/Meshes/1M_Cube.uasset" 510
"E:/Naila/Content/Added/Geometry/Meshes/TemplateFloor.uasset" 511
"E:/Naila/Content/StarterContent/Architecture/Wall_400x300.uasset" 512
"E:/Naila/Content/Ann/Levels/Prison1_BuiltData.uasset" 513
"E:/Naila/Content/StarterContent/Textures/T_Rock_Slate_N.uasset" 514
"E:/Naila/Content/StarterContent/Textures/T_Rock_Slate_D.uasset" 515
"E:/Naila/Content/StarterContent/Materials/M_Rock_Slate.uasset" 516
"E:/Naila/Content/Ann/Interactions/Platform.uasset" 517
"E:/Naila/Content/Added/StarterContent/Textures/T_Water_M.uasset" 518
"E:/Naila/Content/Added/StarterContent/Materials/M_Water_Ocean.uasset" 519
"E:/Naila/Content/Added/StarterContent/Textures/T_Metal_Steel_N.uasset" 520
"E:/Naila/Content/Added/StarterContent/Textures/T_Metal_Steel_D.uasset" 521
"E:/Naila/Content/Added/StarterContent/Textures/T_MacroVariation.uasset" 522
"E:/Naila/Content/Added/StarterContent/Materials/M_Metal_Steel.uasset" 523
"E:/Naila/Content/Ann/Added_meshes/TorturePlace.uasset" 524
"E:/Naila/Content/Ann/Added_meshes/SM_Shelf.uasset" 525
"E:/Naila/Content/Ann/Added_meshes/SM_ExperimentBed.uasset" 526
"E:/Naila/Content/Added/StarterContent/Architecture/Wall_400x400.uasset" 527
"E:/Naila/Content/Added/StarterContent/Materials/M_Metal_Chrome.uasset" 528
"E:/Naila/Content/Added/StarterContent/Textures/T_Ground_Moss_N.uasset" 529
"E:/Naila/Content/Added/StarterContent/Textures/T_ground_Moss_D.uasset" 530
"E:/Naila/Content/Added/StarterContent/Materials/M_Ground_Moss.uasset" 531
"E:/Naila/Content/Added/StarterContent/Textures/T_Brick_Clay_Beveled_N.uasset" 532
"E:/Naila/Content/Added/StarterContent/Textures/T_Brick_Clay_Beveled_M.uasset" 533
"E:/Naila/Content/Added/StarterContent/Textures/T_Brick_Clay_Beveled_D.uasset" 534
"E:/Naila/Content/Added/StarterContent/Materials/M_Brick_Clay_Beveled.uasset" 535
"E:/Naila/Content/Ann/Levels/Prison1.umap" 536
"E:/Naila/Content/Ann/Levels/Prison2_BuiltData.uasset" 537
"E:/Naila/Content/Ann/Levels/Prison2.umap" 538
"E:/Naila/Content/Ann/Levels/Start_BuiltData.uasset" 539
"E:/Naila/Content/Added/StarterContent/Textures/T_Concrete_Tiles_Variation_M.uasset" 540
"E:/Naila/Content/Added/StarterContent/Textures/T_Concrete_Tiles_N.uasset" 541
"E:/Naila/Content/Added/StarterContent/Textures/T_Concrete_Tiles_M.uasset" 542
"E:/Naila/Content/Added/StarterContent/Textures/T_Concrete_Tiles_D.uasset" 543
"E:/Naila/Content/Added/StarterContent/Materials/M_Concrete_Tiles.uasset" 544
"E:/Naila/Content/Ann/Levels/Start.umap" 545
"E:/Naila/Content/Ann/Levels/ArenaTry_BuiltData.uasset" 546
"../../../Engine/Content/Functions/Engine_MaterialFunctions02/ExampleContent/Textures/water_n.uasset" 547
"../../../Engine/Content/Functions/Engine_MaterialFunctions02/ExampleContent/Textures/water_d.uasset" 548
"../../../Engine/Content/Functions/Engine_MaterialFunctions02/ExampleContent/Textures/SwirlMap.uasset" 549
"../../../Engine/Content/Functions/Engine_MaterialFunctions02/ExampleContent/Textures/LowResBlurredNoise.uasset" 550
"../../../Engine/Content/Functions/Engine_MaterialFunctions02/Math/AddComponents.uasset" 551
"../../../Engine/Content/Functions/Engine_MaterialFunctions02/Math/MakeVectorsOrthogonal.uasset" 552
"../../../Engine/Content/EngineMaterials/DefaultNormal.uasset" 553
"../../../Engine/Content/Functions/Engine_MaterialFunctions02/Math/TimeWithSpeedVariable.uasset" 554
"../../../Engine/Content/Functions/Engine_MaterialFunctions02/Math/Transform3x3Matrix.uasset" 555
"../../../Engine/Content/Functions/Engine_MaterialFunctions02/Utility/LinearSine.uasset" 556
"../../../Engine/Content/Functions/Engine_MaterialFunctions02/Texturing/Flowmaps.uasset" 557
"../../../Engine/Content/Functions/Engine_MaterialFunctions02/ExampleContent/FlowMaps.uasset" 558
"E:/Naila/Content/Added/StarterContent/Textures/T_Wood_Walnut_N.uasset" 559
"E:/Naila/Content/Added/StarterContent/Textures/T_Wood_Walnut_D.uasset" 560
"E:/Naila/Content/Added/StarterContent/Materials/M_Wood_Walnut.uasset" 561
"E:/Naila/Content/Added/StarterContent/Shapes/Shape_Cylinder.uasset" 562
"E:/Naila/Content/Added/StarterContent/Audio/Explosion01.uasset" 563
"E:/Naila/Content/Ann/Interactions/Exploding.uasset" 564
"E:/Naila/Content/Ann/Enemies/MageController.uasset" 565
"E:/Naila/Content/Ann/Enemies/MageEnemy.uasset" 566
"E:/Naila/Content/Added/Sounds/Music/Enemy_Cue.uasset" 567
"E:/Naila/Content/Ann/Levels/ArenaTry.umap" 568
"../../../Engine/Content/Maps/Entry_BuiltData.uasset" 569
"../../../Engine/Content/Maps/Entry.umap" 570
